10:21:05[main] INFO  eventmanager - TestName: testAvailableCapacityReducesAfterBooking
10:21:05[main] INFO  eventmanager - Author Name: efetoborobominuru
10:21:06[main] INFO  eventmanager - Event Reference: c291098f997543e6b5ae3f4d8950b616
10:21:06[main] INFO  eventmanager - Available Before: 468 | Available After: 467
10:21:06[main] INFO  eventmanager - Test Case: testAvailableCapacityReducesAfterBooking is passed.

10:21:06[main] INFO  eventmanager - All data is being logged in log file

13:25:24[main] INFO  eventmanager - TestName: testGetRequest
13:25:24[main] INFO  eventmanager - Author Name: efetoborobominuru
13:25:25[main] INFO  eventmanager - {
    "status": "SUCCESS",
    "data": [
        {
            "theme": "Tech Conference 2025",
            "reference": "c291098f997543e6b5ae3f4d8950b616",
            "createdAt": null,
            "amount": 99.99,
            "status": "OPEN",
            "venue": "Convention Center, London",
            "totalCapacity": 500,
            "availableCapacity": 464,
            "startTime": "2025-08-10T09:00:00.000+00:00",
            "endTime": "2026-08-10T17:00:00.000+00:00"
        },
        {
            "theme": "Art Showcase",
            "reference": "123e4567-e89b-12d3-a456-426614174000",
            "createdAt": null,
            "amount": 20.00,
            "status": "OPEN",
            "venue": "Gallery District",
            "totalCapacity": 80,
            "availableCapacity": 35,
            "startTime": "2025-07-15T10:00:00.000+00:00",
            "endTime": "2025-07-15T16:00:00.000+00:00"
        },
        {
            "theme": "Music Festival",
            "reference": "550e8400-e29b-41d4-a716-446655440000",
            "createdAt": null,
            "amount": 55.00,
            "status": "FULLY_BOOKED",
            "venue": "Open Air Stage",
            "totalCapacity": 500,
            "availableCapacity": 0,
            "startTime": "2025-08-01T14:00:00.000+00:00",
            "endTime": "2025-08-01T22:00:00.000+00:00"
        },
        {
            "theme": "Tech Conference",
            "reference": "3fa85f64-5717-4562-b3fc-2c963f66afa6",
            "createdAt": null,
            "amount": 30.00,
            "status": "OPEN",
            "venue": "Convention Center A",
            "totalCapacity": 100,
            "availableCapacity": 31,
            "startTime": "2025-06-10T08:00:00.000+00:00",
            "endTime": "2025-06-10T16:00:00.000+00:00"
        },
        {
            "theme": "AI Summit",
            "reference": "c0a8015a-000f-11ee-be56-0242ac120002",
            "createdAt": null,
            "amount": 75.00,
            "status": "FULLY_BOOKED",
            "venue": "Tech Pavilion",
            "totalCapacity": 200,
            "availableCapacity": 0,
            "startTime": "2025-07-01T09:00:00.000+00:00",
            "endTime": "2025-07-01T17:00:00.000+00:00"
        }
    ],
    "hasMore": false,
    "currentPage": 0,
    "totalPages": 1,
    "totalItems": 5
}
13:25:25[main] INFO  eventmanager - Test Case: testGetRequest is passed.

13:25:25[main] INFO  eventmanager - TestName: createNewBookingTest
13:25:25[main] INFO  eventmanager - Author Name: efetoborobominuru
13:25:25[main] INFO  eventmanager - {
    "reference": "92a152090ab14d3b8f3f7ed646364a91",
    "createdAt": "2025-08-04T12:25:25.715+00:00",
    "fee": 99.99,
    "status": "SUCCESSFUL",
    "admissionNumber": null,
    "type": "REGULAR",
    "eventName": "Tech Conference 2025",
    "eventVenue": "Convention Center, London"
}
13:25:25[main] INFO  eventmanager - Test Case: createNewBookingTest is passed.

13:25:25[main] INFO  eventmanager - TestName: cancelBookingTest
13:25:25[main] INFO  eventmanager - Author Name: efetoborobominuru
13:25:25[main] INFO  eventmanager - 
13:25:25[main] INFO  eventmanager - Test Case: cancelBookingTest is passed.

13:25:25[main] INFO  eventmanager - TestName: testAvailableCapacityReducesAfterBooking
13:25:25[main] INFO  eventmanager - Author Name: efetoborobominuru
13:25:25[main] INFO  eventmanager - Event Reference: c291098f997543e6b5ae3f4d8950b616
13:25:25[main] INFO  eventmanager - Available Before: 463 | Available After: 462
13:25:25[main] INFO  eventmanager - Test Case: testAvailableCapacityReducesAfterBooking is passed.

13:25:25[main] INFO  eventmanager - All data is being logged in log file

14:28:36[main] INFO  eventmanager - TestName: testGetRequestu
14:28:36[main] INFO  eventmanager - Author Name: efetoborobominuru
14:28:37[main] INFO  eventmanager - Test Case: testGetRequestu is passed.

14:28:37[main] INFO  eventmanager - All data is being logged in log file

14:31:59[main] INFO  eventmanager - TestName: testGetRequestu
14:31:59[main] INFO  eventmanager - Author Name: efetoborobominuru
14:32:00[main] INFO  eventmanager - Test Case: testGetRequestu is passed.

14:32:00[main] INFO  eventmanager - All data is being logged in log file

19:42:34[main] INFO  eventmanager - TestName: testGetRequest
19:42:34[main] INFO  eventmanager - Author Name: efetoborobominuru
19:42:35[main] INFO  eventmanager - {
    "status": "SUCCESS",
    "data": [
        {
            "theme": "Tech Conference 2025",
            "reference": "c291098f997543e6b5ae3f4d8950b616",
            "createdAt": null,
            "amount": 99.99,
            "status": "OPEN",
            "venue": "Convention Center, London",
            "totalCapacity": 500,
            "availableCapacity": 462,
            "startTime": "2025-08-10T09:00:00.000+00:00",
            "endTime": "2026-08-10T17:00:00.000+00:00"
        },
        {
            "theme": "Music Festival",
            "reference": "550e8400-e29b-41d4-a716-446655440000",
            "createdAt": null,
            "amount": 55.00,
            "status": "FULLY_BOOKED",
            "venue": "Open Air Stage",
            "totalCapacity": 500,
            "availableCapacity": 0,
            "startTime": "2025-08-01T14:00:00.000+00:00",
            "endTime": "2025-08-01T22:00:00.000+00:00"
        },
        {
            "theme": "AI Summit",
            "reference": "c0a8015a-000f-11ee-be56-0242ac120002",
            "createdAt": null,
            "amount": 75.00,
            "status": "FULLY_BOOKED",
            "venue": "Tech Pavilion",
            "totalCapacity": 200,
            "availableCapacity": 0,
            "startTime": "2025-07-01T09:00:00.000+00:00",
            "endTime": "2025-07-01T17:00:00.000+00:00"
        },
        {
            "theme": "Tech Conference",
            "reference": "3fa85f64-5717-4562-b3fc-2c963f66afa6",
            "createdAt": null,
            "amount": 30.00,
            "status": "OPEN",
            "venue": "Convention Center A",
            "totalCapacity": 100,
            "availableCapacity": 31,
            "startTime": "2025-06-10T08:00:00.000+00:00",
            "endTime": "2025-06-10T16:00:00.000+00:00"
        },
        {
            "theme": "Art Showcase",
            "reference": "123e4567-e89b-12d3-a456-426614174000",
            "createdAt": null,
            "amount": 20.00,
            "status": "OPEN",
            "venue": "Gallery District",
            "totalCapacity": 80,
            "availableCapacity": 35,
            "startTime": "2025-07-15T10:00:00.000+00:00",
            "endTime": "2025-07-15T16:00:00.000+00:00"
        }
    ],
    "hasMore": false,
    "currentPage": 0,
    "totalPages": 1,
    "totalItems": 5
}
19:42:35[main] INFO  eventmanager - Test Case: testGetRequest is passed.

19:42:35[main] INFO  eventmanager - TestName: createNewBookingTest
19:42:35[main] INFO  eventmanager - Author Name: efetoborobominuru
19:42:35[main] INFO  eventmanager - {
    "reference": "c0441dd4baa548dfb17c8c82ee1e6975",
    "createdAt": "2025-08-05T18:42:35.920+00:00",
    "fee": 99.99,
    "status": "SUCCESSFUL",
    "admissionNumber": null,
    "type": "REGULAR",
    "eventName": "Tech Conference 2025",
    "eventVenue": "Convention Center, London"
}
19:42:35[main] INFO  eventmanager - Test Case: createNewBookingTest is passed.

19:42:35[main] INFO  eventmanager - TestName: cancelBookingTest
19:42:35[main] INFO  eventmanager - Author Name: efetoborobominuru
19:42:35[main] INFO  eventmanager - 
19:42:35[main] INFO  eventmanager - Test Case: cancelBookingTest is passed.

19:42:35[main] INFO  eventmanager - TestName: testAvailableCapacityReducesAfterBooking
19:42:35[main] INFO  eventmanager - Author Name: efetoborobominuru
19:42:36[main] INFO  eventmanager - Event Reference: c291098f997543e6b5ae3f4d8950b616
19:42:36[main] INFO  eventmanager - Available Before: 461 | Available After: 460
19:42:36[main] INFO  eventmanager - Test Case: testAvailableCapacityReducesAfterBooking is passed.

19:42:36[main] INFO  eventmanager - All data is being logged in log file

20:05:13[main] INFO  eventmanager - org.testng.TestNGException: 
Parameter 'bookingType' is required by @Test on method parameterizationTest but has not been marked @Optional or defined
in /private/var/folders/q_/l0jbw5ys5d91x72znlqfm6pw0000gp/T/testng-eclipse--273364499/testng-customsuite.xml
20:05:13[main] INFO  eventmanager - Test Case: parameterizationTest is failed.

20:05:13[main] INFO  eventmanager - All data is being logged in log file

20:13:56[main] INFO  eventmanager - org.testng.TestNGException: 
Parameter 'bookingType' is required by @Test on method parameterizationTest but has not been marked @Optional or defined
in /private/var/folders/q_/l0jbw5ys5d91x72znlqfm6pw0000gp/T/testng-eclipse-1366558431/testng-customsuite.xml
20:13:56[main] INFO  eventmanager - Test Case: parameterizationTest is failed.

20:13:56[main] INFO  eventmanager - All data is being logged in log file

20:16:56[main] INFO  eventmanager - TestName: parameterizationTest
20:16:56[main] INFO  eventmanager - Author Name: efetoborobominuru
20:16:57[main] INFO  eventmanager - java.lang.NullPointerException: Cannot invoke "String.toString()" because the return value of "io.restassured.path.json.JsonPath.getString(String)" is null
20:16:57[main] INFO  eventmanager - Test Case: parameterizationTest is failed.

20:16:57[main] INFO  eventmanager - All data is being logged in log file

20:17:42[main] INFO  eventmanager - TestName: parameterizationTest
20:17:42[main] INFO  eventmanager - Author Name: efetoborobominuru
20:17:42[main] INFO  eventmanager - java.lang.NullPointerException: Cannot invoke "String.toString()" because the return value of "io.restassured.path.json.JsonPath.getString(String)" is null
20:17:42[main] INFO  eventmanager - Test Case: parameterizationTest is failed.

20:17:42[main] INFO  eventmanager - All data is being logged in log file

20:18:11[main] INFO  eventmanager - org.testng.TestNGException: 
Parameter 'bookingType' is required by @Test on method parameterizationTest but has not been marked @Optional or defined
in /private/var/folders/q_/l0jbw5ys5d91x72znlqfm6pw0000gp/T/testng-eclipse-1239189576/testng-customsuite.xml
20:18:11[main] INFO  eventmanager - Test Case: parameterizationTest is failed.

20:18:11[main] INFO  eventmanager - All data is being logged in log file

20:19:52[main] INFO  eventmanager - org.testng.TestNGException: 
Parameter 'bookingType' is required by @Test on method parameterizationTest but has not been marked @Optional or defined
in /private/var/folders/q_/l0jbw5ys5d91x72znlqfm6pw0000gp/T/testng-eclipse-1973579992/testng-customsuite.xml
20:19:52[main] INFO  eventmanager - Test Case: parameterizationTest is failed.

20:19:52[main] INFO  eventmanager - All data is being logged in log file

20:24:07[main] INFO  eventmanager - org.testng.TestNGException: 
Parameter 'bookingType' is required by @Test on method parameterizationTest but has not been marked @Optional or defined
in /private/var/folders/q_/l0jbw5ys5d91x72znlqfm6pw0000gp/T/testng-eclipse--2128848100/testng-customsuite.xml
20:24:07[main] INFO  eventmanager - Test Case: parameterizationTest is failed.

20:24:07[main] INFO  eventmanager - All data is being logged in log file

20:25:48[main] INFO  eventmanager - TestName: parameterizationTest
20:25:48[main] INFO  eventmanager - Author Name: efetoborobominuru
20:25:49[main] INFO  eventmanager - {
    "reference": "25d78e135d6e4e97925f3a5aa451f626",
    "createdAt": "2025-08-05T19:25:49.472+00:00",
    "fee": 99.99,
    "status": "SUCCESSFUL",
    "admissionNumber": null,
    "type": "REGULAR",
    "eventName": "Tech Conference 2025",
    "eventVenue": "Convention Center, London"
}
20:25:49[main] INFO  eventmanager - Test Case: parameterizationTest is passed.

20:25:49[main] INFO  eventmanager - All data is being logged in log file

20:26:19[main] INFO  eventmanager - org.testng.TestNGException: 
Parameter 'bookingType' is required by @Test on method parameterizationTest but has not been marked @Optional or defined
in /private/var/folders/q_/l0jbw5ys5d91x72znlqfm6pw0000gp/T/testng-eclipse-1926621490/testng-customsuite.xml
20:26:19[main] INFO  eventmanager - Test Case: parameterizationTest is failed.

20:26:19[main] INFO  eventmanager - All data is being logged in log file

20:30:29[main] INFO  eventmanager - TestName: parameterizationTest
20:30:29[main] INFO  eventmanager - Author Name: efetoborobominuru
20:30:30[main] INFO  eventmanager - {
    "reference": "2241c8ad6e774c8a9ba4db501a84bbf8",
    "createdAt": "2025-08-05T19:30:30.390+00:00",
    "fee": 99.99,
    "status": "SUCCESSFUL",
    "admissionNumber": null,
    "type": "REGULAR",
    "eventName": "Tech Conference 2025",
    "eventVenue": "Convention Center, London"
}
20:30:30[main] INFO  eventmanager - Test Case: parameterizationTest is passed.

20:30:30[main] INFO  eventmanager - All data is being logged in log file

20:34:07[main] INFO  eventmanager - TestName: parameterizationTest
20:34:07[main] INFO  eventmanager - Author Name: efetoborobominuru
20:34:08[main] INFO  eventmanager - {
    "reference": "179d6bb74ac04c3eaeac20a11342a57a",
    "createdAt": "2025-08-05T19:34:07.936+00:00",
    "fee": 99.99,
    "status": "SUCCESSFUL",
    "admissionNumber": null,
    "type": "REGULAR",
    "eventName": "Tech Conference 2025",
    "eventVenue": "Convention Center, London"
}
20:34:08[main] INFO  eventmanager - Test Case: parameterizationTest is passed.

20:34:08[main] INFO  eventmanager - All data is being logged in log file

20:36:52[main] INFO  eventmanager - TestName: parameterizationTest
20:36:52[main] INFO  eventmanager - Author Name: efetoborobominuru
20:36:52[main] INFO  eventmanager - {
    "reference": "103a8cdb7c81463baf0ed86a285ba0d1",
    "createdAt": "2025-08-05T19:36:52.667+00:00",
    "fee": 99.99,
    "status": "SUCCESSFUL",
    "admissionNumber": null,
    "type": "TABLE",
    "eventName": "Tech Conference 2025",
    "eventVenue": "Convention Center, London"
}
20:36:52[main] INFO  eventmanager - Test Case: parameterizationTest is passed.

20:36:52[main] INFO  eventmanager - All data is being logged in log file

21:47:42[main] INFO  eventmanager - TestName: parameterizationTest
21:47:42[main] INFO  eventmanager - Author Name: efetoborobominuru
21:47:43[main] INFO  eventmanager - {
    "reference": "8c3de9bfe4b7499fa81dcd604765d67c",
    "createdAt": "2025-08-05T20:47:43.045+00:00",
    "fee": 99.99,
    "status": "SUCCESSFUL",
    "admissionNumber": null,
    "type": "TABLE",
    "eventName": "Tech Conference 2025",
    "eventVenue": "Convention Center, London"
}
21:47:43[main] INFO  eventmanager - Test Case: parameterizationTest is passed.

21:47:43[main] INFO  eventmanager - TestName: testWithDifferentBooKingTypes
21:47:43[main] INFO  eventmanager - Author Name: efetoborobominuru
21:47:43[main] INFO  eventmanager - REGULAR
21:47:43[main] INFO  eventmanager - {
    "reference": "158b42cb30cb4eac8da5b02893484406",
    "createdAt": "2025-08-05T20:47:43.334+00:00",
    "fee": 99.99,
    "status": "SUCCESSFUL",
    "admissionNumber": null,
    "type": "REGULAR",
    "eventName": "Tech Conference 2025",
    "eventVenue": "Convention Center, London"
}
21:47:43[main] INFO  eventmanager - Test Case: testWithDifferentBooKingTypes is passed.

21:47:43[main] INFO  eventmanager - TestName: testWithDifferentBooKingTypes
21:47:43[main] INFO  eventmanager - Author Name: efetoborobominuru
21:47:43[main] INFO  eventmanager - VIP
21:47:43[main] INFO  eventmanager - {
    "reference": "5e4b0afaba2049f782b214432a59dda8",
    "createdAt": "2025-08-05T20:47:43.374+00:00",
    "fee": 99.99,
    "status": "SUCCESSFUL",
    "admissionNumber": null,
    "type": "VIP",
    "eventName": "Tech Conference 2025",
    "eventVenue": "Convention Center, London"
}
21:47:43[main] INFO  eventmanager - Test Case: testWithDifferentBooKingTypes is passed.

21:47:43[main] INFO  eventmanager - TestName: testWithDifferentBooKingTypes
21:47:43[main] INFO  eventmanager - Author Name: efetoborobominuru
21:47:43[main] INFO  eventmanager - java.lang.NullPointerException: Cannot invoke "String.toString()" because the return value of "io.restassured.path.json.JsonPath.getString(String)" is null
21:47:43[main] INFO  eventmanager - Test Case: testWithDifferentBooKingTypes is failed.

21:47:43[main] INFO  eventmanager - All data is being logged in log file

21:50:42[main] INFO  eventmanager - TestName: parameterizationTest
21:50:42[main] INFO  eventmanager - Author Name: efetoborobominuru
21:50:43[main] INFO  eventmanager - {
    "reference": "2c69391b0bd048b7be1e8b3fe694c0d3",
    "createdAt": "2025-08-05T20:50:43.194+00:00",
    "fee": 99.99,
    "status": "SUCCESSFUL",
    "admissionNumber": null,
    "type": "REGULAR",
    "eventName": "Tech Conference 2025",
    "eventVenue": "Convention Center, London"
}
21:50:43[main] INFO  eventmanager - Test Case: parameterizationTest is passed.

21:50:43[main] INFO  eventmanager - TestName: testWithDifferentBooKingTypes
21:50:43[main] INFO  eventmanager - Author Name: efetoborobominuru
21:50:43[main] INFO  eventmanager - REGULAR
21:50:43[main] INFO  eventmanager - {
    "reference": "31811820d0a04ef89875de0727d93bf1",
    "createdAt": "2025-08-05T20:50:43.472+00:00",
    "fee": 99.99,
    "status": "SUCCESSFUL",
    "admissionNumber": null,
    "type": "REGULAR",
    "eventName": "Tech Conference 2025",
    "eventVenue": "Convention Center, London"
}
21:50:43[main] INFO  eventmanager - Test Case: testWithDifferentBooKingTypes is passed.

21:50:43[main] INFO  eventmanager - TestName: testWithDifferentBooKingTypes
21:50:43[main] INFO  eventmanager - Author Name: efetoborobominuru
21:50:43[main] INFO  eventmanager - VIP
21:50:43[main] INFO  eventmanager - {
    "reference": "c9e3db9cf8174599a18102c6bacae55c",
    "createdAt": "2025-08-05T20:50:43.519+00:00",
    "fee": 99.99,
    "status": "SUCCESSFUL",
    "admissionNumber": null,
    "type": "VIP",
    "eventName": "Tech Conference 2025",
    "eventVenue": "Convention Center, London"
}
21:50:43[main] INFO  eventmanager - Test Case: testWithDifferentBooKingTypes is passed.

21:50:43[main] INFO  eventmanager - TestName: testWithDifferentBooKingTypes
21:50:43[main] INFO  eventmanager - Author Name: efetoborobominuru
21:50:43[main] INFO  eventmanager - java.lang.NullPointerException: Cannot invoke "String.toString()" because the return value of "io.restassured.path.json.JsonPath.getString(String)" is null
21:50:43[main] INFO  eventmanager - Test Case: testWithDifferentBooKingTypes is failed.

21:50:43[main] INFO  eventmanager - All data is being logged in log file

21:53:16[main] INFO  eventmanager - org.testng.TestNGException: 
Parameter 'bookingType' is required by @Test on method parameterizationTest but has not been marked @Optional or defined
in /private/var/folders/q_/l0jbw5ys5d91x72znlqfm6pw0000gp/T/testng-eclipse-1526411102/testng-customsuite.xml
21:53:16[main] INFO  eventmanager - Test Case: parameterizationTest is failed.

21:53:16[main] INFO  eventmanager - All data is being logged in log file

21:53:30[main] INFO  eventmanager - TestName: parameterizationTest
21:53:30[main] INFO  eventmanager - Author Name: efetoborobominuru
21:53:31[main] INFO  eventmanager - {
    "reference": "5c3b0d0c224849b299850d6d5085c3f3",
    "createdAt": "2025-08-05T20:53:30.956+00:00",
    "fee": 99.99,
    "status": "SUCCESSFUL",
    "admissionNumber": null,
    "type": "REGULAR",
    "eventName": "Tech Conference 2025",
    "eventVenue": "Convention Center, London"
}
21:53:31[main] INFO  eventmanager - Test Case: parameterizationTest is passed.

21:53:31[main] INFO  eventmanager - TestName: testWithDifferentBooKingTypes
21:53:31[main] INFO  eventmanager - Author Name: efetoborobominuru
21:53:31[main] INFO  eventmanager - REGULAR
21:53:31[main] INFO  eventmanager - {
    "reference": "74a7c3afd25d458aa45a241566d1d18c",
    "createdAt": "2025-08-05T20:53:31.243+00:00",
    "fee": 99.99,
    "status": "SUCCESSFUL",
    "admissionNumber": null,
    "type": "REGULAR",
    "eventName": "Tech Conference 2025",
    "eventVenue": "Convention Center, London"
}
21:53:31[main] INFO  eventmanager - Test Case: testWithDifferentBooKingTypes is passed.

21:53:31[main] INFO  eventmanager - TestName: testWithDifferentBooKingTypes
21:53:31[main] INFO  eventmanager - Author Name: efetoborobominuru
21:53:31[main] INFO  eventmanager - VIP
21:53:31[main] INFO  eventmanager - {
    "reference": "d2acdd019d6845e3b47c25deb5cb8050",
    "createdAt": "2025-08-05T20:53:31.287+00:00",
    "fee": 99.99,
    "status": "SUCCESSFUL",
    "admissionNumber": null,
    "type": "VIP",
    "eventName": "Tech Conference 2025",
    "eventVenue": "Convention Center, London"
}
21:53:31[main] INFO  eventmanager - Test Case: testWithDifferentBooKingTypes is passed.

21:53:31[main] INFO  eventmanager - All data is being logged in log file

21:54:29[main] INFO  eventmanager - TestName: testGetRequest
21:54:29[main] INFO  eventmanager - Author Name: efetoborobominuru
21:54:29[main] INFO  eventmanager - {
    "status": "SUCCESS",
    "data": [
        {
            "theme": "Tech Conference 2025",
            "reference": "c291098f997543e6b5ae3f4d8950b616",
            "createdAt": null,
            "amount": 99.99,
            "status": "OPEN",
            "venue": "Convention Center, London",
            "totalCapacity": 500,
            "availableCapacity": 447,
            "startTime": "2025-08-10T09:00:00.000+00:00",
            "endTime": "2026-08-10T17:00:00.000+00:00"
        },
        {
            "theme": "Music Festival",
            "reference": "550e8400-e29b-41d4-a716-446655440000",
            "createdAt": null,
            "amount": 55.00,
            "status": "FULLY_BOOKED",
            "venue": "Open Air Stage",
            "totalCapacity": 500,
            "availableCapacity": 0,
            "startTime": "2025-08-01T14:00:00.000+00:00",
            "endTime": "2025-08-01T22:00:00.000+00:00"
        },
        {
            "theme": "Tech Conference",
            "reference": "3fa85f64-5717-4562-b3fc-2c963f66afa6",
            "createdAt": null,
            "amount": 30.00,
            "status": "OPEN",
            "venue": "Convention Center A",
            "totalCapacity": 100,
            "availableCapacity": 31,
            "startTime": "2025-06-10T08:00:00.000+00:00",
            "endTime": "2025-06-10T16:00:00.000+00:00"
        },
        {
            "theme": "Art Showcase",
            "reference": "123e4567-e89b-12d3-a456-426614174000",
            "createdAt": null,
            "amount": 20.00,
            "status": "OPEN",
            "venue": "Gallery District",
            "totalCapacity": 80,
            "availableCapacity": 35,
            "startTime": "2025-07-15T10:00:00.000+00:00",
            "endTime": "2025-07-15T16:00:00.000+00:00"
        },
        {
            "theme": "AI Summit",
            "reference": "c0a8015a-000f-11ee-be56-0242ac120002",
            "createdAt": null,
            "amount": 75.00,
            "status": "FULLY_BOOKED",
            "venue": "Tech Pavilion",
            "totalCapacity": 200,
            "availableCapacity": 0,
            "startTime": "2025-07-01T09:00:00.000+00:00",
            "endTime": "2025-07-01T17:00:00.000+00:00"
        }
    ],
    "hasMore": false,
    "currentPage": 0,
    "totalPages": 1,
    "totalItems": 5
}
21:54:29[main] INFO  eventmanager - Test Case: testGetRequest is passed.

21:54:29[main] INFO  eventmanager - TestName: createNewBookingTest
21:54:29[main] INFO  eventmanager - Author Name: efetoborobominuru
21:54:29[main] INFO  eventmanager - {
    "reference": "6191a1ef58c341e7987ddf524942c306",
    "createdAt": "2025-08-05T20:54:29.954+00:00",
    "fee": 99.99,
    "status": "SUCCESSFUL",
    "admissionNumber": null,
    "type": "REGULAR",
    "eventName": "Tech Conference 2025",
    "eventVenue": "Convention Center, London"
}
21:54:29[main] INFO  eventmanager - Test Case: createNewBookingTest is passed.

21:54:29[main] INFO  eventmanager - TestName: cancelBookingTest
21:54:29[main] INFO  eventmanager - Author Name: efetoborobominuru
21:54:30[main] INFO  eventmanager - 
21:54:30[main] INFO  eventmanager - Test Case: cancelBookingTest is passed.

21:54:30[main] INFO  eventmanager - TestName: parameterizationTest
21:54:30[main] INFO  eventmanager - Author Name: efetoborobominuru
21:54:30[main] INFO  eventmanager - {
    "reference": "63f388245ced464e8b2e98f220af11e7",
    "createdAt": "2025-08-05T20:54:30.022+00:00",
    "fee": 99.99,
    "status": "SUCCESSFUL",
    "admissionNumber": null,
    "type": "REGULAR",
    "eventName": "Tech Conference 2025",
    "eventVenue": "Convention Center, London"
}
21:54:30[main] INFO  eventmanager - Test Case: parameterizationTest is passed.

21:54:30[main] INFO  eventmanager - TestName: testWithDifferentBooKingTypes
21:54:30[main] INFO  eventmanager - Author Name: efetoborobominuru
21:54:30[main] INFO  eventmanager - REGULAR
21:54:30[main] INFO  eventmanager - {
    "reference": "a54727b50d67485fb61d35cd12b325d0",
    "createdAt": "2025-08-05T20:54:30.059+00:00",
    "fee": 99.99,
    "status": "SUCCESSFUL",
    "admissionNumber": null,
    "type": "REGULAR",
    "eventName": "Tech Conference 2025",
    "eventVenue": "Convention Center, London"
}
21:54:30[main] INFO  eventmanager - Test Case: testWithDifferentBooKingTypes is passed.

21:54:30[main] INFO  eventmanager - TestName: testWithDifferentBooKingTypes
21:54:30[main] INFO  eventmanager - Author Name: efetoborobominuru
21:54:30[main] INFO  eventmanager - VIP
21:54:30[main] INFO  eventmanager - {
    "reference": "c2d98c530f8946e394b0149f7c06f49e",
    "createdAt": "2025-08-05T20:54:30.097+00:00",
    "fee": 99.99,
    "status": "SUCCESSFUL",
    "admissionNumber": null,
    "type": "VIP",
    "eventName": "Tech Conference 2025",
    "eventVenue": "Convention Center, London"
}
21:54:30[main] INFO  eventmanager - Test Case: testWithDifferentBooKingTypes is passed.

21:54:30[main] INFO  eventmanager - TestName: testAvailableCapacityReducesAfterBooking
21:54:30[main] INFO  eventmanager - Author Name: efetoborobominuru
21:54:30[main] INFO  eventmanager - Event Reference: c291098f997543e6b5ae3f4d8950b616
21:54:30[main] INFO  eventmanager - Available Before: 443 | Available After: 442
21:54:30[main] INFO  eventmanager - Test Case: testAvailableCapacityReducesAfterBooking is passed.

21:54:30[main] INFO  eventmanager - All data is being logged in log file

21:57:52[main] INFO  eventmanager - TestName: testGetRequest
21:57:52[main] INFO  eventmanager - Author Name: efetoborobominuru
21:57:53[main] INFO  eventmanager - {
    "status": "SUCCESS",
    "data": [
        {
            "theme": "Tech Conference 2025",
            "reference": "c291098f997543e6b5ae3f4d8950b616",
            "createdAt": null,
            "amount": 99.99,
            "status": "OPEN",
            "venue": "Convention Center, London",
            "totalCapacity": 500,
            "availableCapacity": 440,
            "startTime": "2025-08-10T09:00:00.000+00:00",
            "endTime": "2026-08-10T17:00:00.000+00:00"
        },
        {
            "theme": "Music Festival",
            "reference": "550e8400-e29b-41d4-a716-446655440000",
            "createdAt": null,
            "amount": 55.00,
            "status": "FULLY_BOOKED",
            "venue": "Open Air Stage",
            "totalCapacity": 500,
            "availableCapacity": 0,
            "startTime": "2025-08-01T14:00:00.000+00:00",
            "endTime": "2025-08-01T22:00:00.000+00:00"
        },
        {
            "theme": "Art Showcase",
            "reference": "123e4567-e89b-12d3-a456-426614174000",
            "createdAt": null,
            "amount": 20.00,
            "status": "OPEN",
            "venue": "Gallery District",
            "totalCapacity": 80,
            "availableCapacity": 35,
            "startTime": "2025-07-15T10:00:00.000+00:00",
            "endTime": "2025-07-15T16:00:00.000+00:00"
        },
        {
            "theme": "Tech Conference",
            "reference": "3fa85f64-5717-4562-b3fc-2c963f66afa6",
            "createdAt": null,
            "amount": 30.00,
            "status": "OPEN",
            "venue": "Convention Center A",
            "totalCapacity": 100,
            "availableCapacity": 31,
            "startTime": "2025-06-10T08:00:00.000+00:00",
            "endTime": "2025-06-10T16:00:00.000+00:00"
        },
        {
            "theme": "AI Summit",
            "reference": "c0a8015a-000f-11ee-be56-0242ac120002",
            "createdAt": null,
            "amount": 75.00,
            "status": "FULLY_BOOKED",
            "venue": "Tech Pavilion",
            "totalCapacity": 200,
            "availableCapacity": 0,
            "startTime": "2025-07-01T09:00:00.000+00:00",
            "endTime": "2025-07-01T17:00:00.000+00:00"
        }
    ],
    "hasMore": false,
    "currentPage": 0,
    "totalPages": 1,
    "totalItems": 5
}
21:57:53[main] INFO  eventmanager - Test Case: testGetRequest is passed.

21:57:53[main] INFO  eventmanager - TestName: createNewBookingTest
21:57:53[main] INFO  eventmanager - Author Name: efetoborobominuru
21:57:53[main] INFO  eventmanager - {
    "reference": "d62f9a51020e4e53a235fe7388e58ff9",
    "createdAt": "2025-08-05T20:57:53.248+00:00",
    "fee": 99.99,
    "status": "SUCCESSFUL",
    "admissionNumber": null,
    "type": "REGULAR",
    "eventName": "Tech Conference 2025",
    "eventVenue": "Convention Center, London"
}
21:57:53[main] INFO  eventmanager - Test Case: createNewBookingTest is passed.

21:57:53[main] INFO  eventmanager - TestName: cancelBookingTest
21:57:53[main] INFO  eventmanager - Author Name: efetoborobominuru
21:57:53[main] INFO  eventmanager - 
21:57:53[main] INFO  eventmanager - Test Case: cancelBookingTest is passed.

21:57:53[main] INFO  eventmanager - TestName: parameterizationTest
21:57:53[main] INFO  eventmanager - Author Name: efetoborobominuru
21:57:53[main] INFO  eventmanager - {
    "reference": "b20b29535251435eb17ced3381e628dc",
    "createdAt": "2025-08-05T20:57:53.304+00:00",
    "fee": 99.99,
    "status": "SUCCESSFUL",
    "admissionNumber": null,
    "type": "REGULAR",
    "eventName": "Tech Conference 2025",
    "eventVenue": "Convention Center, London"
}
21:57:53[main] INFO  eventmanager - Test Case: parameterizationTest is passed.

21:57:53[main] INFO  eventmanager - TestName: testWithDifferentBooKingTypes
21:57:53[main] INFO  eventmanager - Author Name: efetoborobominuru
21:57:53[main] INFO  eventmanager - REGULAR
21:57:53[main] INFO  eventmanager - {
    "reference": "7b856508070e4ca7bab72948f147e692",
    "createdAt": "2025-08-05T20:57:53.342+00:00",
    "fee": 99.99,
    "status": "SUCCESSFUL",
    "admissionNumber": null,
    "type": "REGULAR",
    "eventName": "Tech Conference 2025",
    "eventVenue": "Convention Center, London"
}
21:57:53[main] INFO  eventmanager - Test Case: testWithDifferentBooKingTypes is passed.

21:57:53[main] INFO  eventmanager - TestName: testWithDifferentBooKingTypes
21:57:53[main] INFO  eventmanager - Author Name: efetoborobominuru
21:57:53[main] INFO  eventmanager - VIP
21:57:53[main] INFO  eventmanager - {
    "reference": "d1aa14fe82c94dda91ea1a175a617dd0",
    "createdAt": "2025-08-05T20:57:53.378+00:00",
    "fee": 99.99,
    "status": "SUCCESSFUL",
    "admissionNumber": null,
    "type": "VIP",
    "eventName": "Tech Conference 2025",
    "eventVenue": "Convention Center, London"
}
21:57:53[main] INFO  eventmanager - Test Case: testWithDifferentBooKingTypes is passed.

21:57:53[main] INFO  eventmanager - TestName: testAvailableCapacityReducesAfterBooking
21:57:53[main] INFO  eventmanager - Author Name: efetoborobominuru
21:57:53[main] INFO  eventmanager - Event Reference: c291098f997543e6b5ae3f4d8950b616
21:57:53[main] INFO  eventmanager - Available Before: 436 | Available After: 435
21:57:53[main] INFO  eventmanager - Test Case: testAvailableCapacityReducesAfterBooking is passed.

21:57:53[main] INFO  eventmanager - All data is being logged in log file

22:21:31[main] INFO  eventmanager - TestName: testGetRequest
22:21:31[main] INFO  eventmanager - Author Name: efetoborobominuru
22:21:32[main] INFO  eventmanager - {
    "status": "SUCCESS",
    "data": [
        {
            "theme": "Tech Conference 2025",
            "reference": "c291098f997543e6b5ae3f4d8950b616",
            "createdAt": null,
            "amount": 99.99,
            "status": "OPEN",
            "venue": "Convention Center, London",
            "totalCapacity": 500,
            "availableCapacity": 435,
            "startTime": "2025-08-10T09:00:00.000+00:00",
            "endTime": "2026-08-10T17:00:00.000+00:00"
        },
        {
            "theme": "Music Festival",
            "reference": "550e8400-e29b-41d4-a716-446655440000",
            "createdAt": null,
            "amount": 55.00,
            "status": "FULLY_BOOKED",
            "venue": "Open Air Stage",
            "totalCapacity": 500,
            "availableCapacity": 0,
            "startTime": "2025-08-01T14:00:00.000+00:00",
            "endTime": "2025-08-01T22:00:00.000+00:00"
        },
        {
            "theme": "Tech Conference",
            "reference": "3fa85f64-5717-4562-b3fc-2c963f66afa6",
            "createdAt": null,
            "amount": 30.00,
            "status": "OPEN",
            "venue": "Convention Center A",
            "totalCapacity": 100,
            "availableCapacity": 31,
            "startTime": "2025-06-10T08:00:00.000+00:00",
            "endTime": "2025-06-10T16:00:00.000+00:00"
        },
        {
            "theme": "Art Showcase",
            "reference": "123e4567-e89b-12d3-a456-426614174000",
            "createdAt": null,
            "amount": 20.00,
            "status": "OPEN",
            "venue": "Gallery District",
            "totalCapacity": 80,
            "availableCapacity": 35,
            "startTime": "2025-07-15T10:00:00.000+00:00",
            "endTime": "2025-07-15T16:00:00.000+00:00"
        },
        {
            "theme": "AI Summit",
            "reference": "c0a8015a-000f-11ee-be56-0242ac120002",
            "createdAt": null,
            "amount": 75.00,
            "status": "FULLY_BOOKED",
            "venue": "Tech Pavilion",
            "totalCapacity": 200,
            "availableCapacity": 0,
            "startTime": "2025-07-01T09:00:00.000+00:00",
            "endTime": "2025-07-01T17:00:00.000+00:00"
        }
    ],
    "hasMore": false,
    "currentPage": 0,
    "totalPages": 1,
    "totalItems": 5
}
22:21:32[main] INFO  eventmanager - Test Case: testGetRequest is passed.

22:21:32[main] INFO  eventmanager - TestName: createNewBookingTest
22:21:32[main] INFO  eventmanager - Author Name: efetoborobominuru
22:21:32[main] INFO  eventmanager - {
    "reference": "79f96c1a0e2446c6bb29ca138296e22c",
    "createdAt": "2025-08-05T21:21:32.617+00:00",
    "fee": 99.99,
    "status": "SUCCESSFUL",
    "admissionNumber": null,
    "type": "REGULAR",
    "eventName": "Tech Conference 2025",
    "eventVenue": "Convention Center, London"
}
22:21:32[main] INFO  eventmanager - Test Case: createNewBookingTest is passed.

22:21:32[main] INFO  eventmanager - TestName: cancelBookingTest
22:21:32[main] INFO  eventmanager - Author Name: efetoborobominuru
22:21:32[main] INFO  eventmanager - 
22:21:32[main] INFO  eventmanager - Test Case: cancelBookingTest is passed.

22:21:32[main] INFO  eventmanager - TestName: parameterizationTest
22:21:32[main] INFO  eventmanager - Author Name: efetoborobominuru
22:21:32[main] INFO  eventmanager - java.lang.NullPointerException: Cannot invoke "String.toString()" because the return value of "io.restassured.path.json.JsonPath.getString(String)" is null
22:21:32[main] INFO  eventmanager - Test Case: parameterizationTest is failed.

22:21:32[main] INFO  eventmanager - TestName: testWithDifferentBooKingTypes
22:21:32[main] INFO  eventmanager - Author Name: efetoborobominuru
22:21:32[main] INFO  eventmanager - REGULAR
22:21:32[main] INFO  eventmanager - {
    "reference": "53f5a9cfeaa94295bafe862f4472a47b",
    "createdAt": "2025-08-05T21:21:32.704+00:00",
    "fee": 99.99,
    "status": "SUCCESSFUL",
    "admissionNumber": null,
    "type": "REGULAR",
    "eventName": "Tech Conference 2025",
    "eventVenue": "Convention Center, London"
}
22:21:32[main] INFO  eventmanager - Test Case: testWithDifferentBooKingTypes is passed.

22:21:32[main] INFO  eventmanager - TestName: testWithDifferentBooKingTypes
22:21:32[main] INFO  eventmanager - Author Name: efetoborobominuru
22:21:32[main] INFO  eventmanager - VIP
22:21:32[main] INFO  eventmanager - {
    "reference": "82a653cf5d934c3f880449093b3b49cc",
    "createdAt": "2025-08-05T21:21:32.745+00:00",
    "fee": 99.99,
    "status": "SUCCESSFUL",
    "admissionNumber": null,
    "type": "VIP",
    "eventName": "Tech Conference 2025",
    "eventVenue": "Convention Center, London"
}
22:21:32[main] INFO  eventmanager - Test Case: testWithDifferentBooKingTypes is passed.

22:21:32[main] INFO  eventmanager - TestName: testAvailableCapacityReducesAfterBooking
22:21:32[main] INFO  eventmanager - Author Name: efetoborobominuru
22:21:32[main] INFO  eventmanager - Event Reference: c291098f997543e6b5ae3f4d8950b616
22:21:32[main] INFO  eventmanager - Available Before: 432 | Available After: 431
22:21:32[main] INFO  eventmanager - Test Case: testAvailableCapacityReducesAfterBooking is passed.

22:21:32[main] INFO  eventmanager - All data is being logged in log file

22:22:25[main] INFO  eventmanager - TestName: testGetRequest
22:22:25[main] INFO  eventmanager - Author Name: efetoborobominuru
22:22:26[main] INFO  eventmanager - {
    "status": "SUCCESS",
    "data": [
        {
            "theme": "Tech Conference 2025",
            "reference": "c291098f997543e6b5ae3f4d8950b616",
            "createdAt": null,
            "amount": 99.99,
            "status": "OPEN",
            "venue": "Convention Center, London",
            "totalCapacity": 500,
            "availableCapacity": 431,
            "startTime": "2025-08-10T09:00:00.000+00:00",
            "endTime": "2026-08-10T17:00:00.000+00:00"
        },
        {
            "theme": "Music Festival",
            "reference": "550e8400-e29b-41d4-a716-446655440000",
            "createdAt": null,
            "amount": 55.00,
            "status": "FULLY_BOOKED",
            "venue": "Open Air Stage",
            "totalCapacity": 500,
            "availableCapacity": 0,
            "startTime": "2025-08-01T14:00:00.000+00:00",
            "endTime": "2025-08-01T22:00:00.000+00:00"
        },
        {
            "theme": "Art Showcase",
            "reference": "123e4567-e89b-12d3-a456-426614174000",
            "createdAt": null,
            "amount": 20.00,
            "status": "OPEN",
            "venue": "Gallery District",
            "totalCapacity": 80,
            "availableCapacity": 35,
            "startTime": "2025-07-15T10:00:00.000+00:00",
            "endTime": "2025-07-15T16:00:00.000+00:00"
        },
        {
            "theme": "Tech Conference",
            "reference": "3fa85f64-5717-4562-b3fc-2c963f66afa6",
            "createdAt": null,
            "amount": 30.00,
            "status": "OPEN",
            "venue": "Convention Center A",
            "totalCapacity": 100,
            "availableCapacity": 31,
            "startTime": "2025-06-10T08:00:00.000+00:00",
            "endTime": "2025-06-10T16:00:00.000+00:00"
        },
        {
            "theme": "AI Summit",
            "reference": "c0a8015a-000f-11ee-be56-0242ac120002",
            "createdAt": null,
            "amount": 75.00,
            "status": "FULLY_BOOKED",
            "venue": "Tech Pavilion",
            "totalCapacity": 200,
            "availableCapacity": 0,
            "startTime": "2025-07-01T09:00:00.000+00:00",
            "endTime": "2025-07-01T17:00:00.000+00:00"
        }
    ],
    "hasMore": false,
    "currentPage": 0,
    "totalPages": 1,
    "totalItems": 5
}
22:22:26[main] INFO  eventmanager - Test Case: testGetRequest is passed.

22:22:26[main] INFO  eventmanager - TestName: createNewBookingTest
22:22:26[main] INFO  eventmanager - Author Name: efetoborobominuru
22:22:26[main] INFO  eventmanager - {
    "reference": "b91309afc3a74605b2cf50709d5ddf44",
    "createdAt": "2025-08-05T21:22:26.661+00:00",
    "fee": 99.99,
    "status": "SUCCESSFUL",
    "admissionNumber": null,
    "type": "REGULAR",
    "eventName": "Tech Conference 2025",
    "eventVenue": "Convention Center, London"
}
22:22:26[main] INFO  eventmanager - Test Case: createNewBookingTest is passed.

22:22:26[main] INFO  eventmanager - TestName: cancelBookingTest
22:22:26[main] INFO  eventmanager - Author Name: efetoborobominuru
22:22:26[main] INFO  eventmanager - 
22:22:26[main] INFO  eventmanager - Test Case: cancelBookingTest is passed.

22:22:26[main] INFO  eventmanager - TestName: parameterizationTest
22:22:26[main] INFO  eventmanager - Author Name: efetoborobominuru
22:22:26[main] INFO  eventmanager - {
    "reference": "5307ef1d7b3c47a0843dd433ac58255e",
    "createdAt": "2025-08-05T21:22:26.719+00:00",
    "fee": 99.99,
    "status": "SUCCESSFUL",
    "admissionNumber": null,
    "type": "REGULAR",
    "eventName": "Tech Conference 2025",
    "eventVenue": "Convention Center, London"
}
22:22:26[main] INFO  eventmanager - Test Case: parameterizationTest is passed.

22:22:26[main] INFO  eventmanager - TestName: testWithDifferentBooKingTypes
22:22:26[main] INFO  eventmanager - Author Name: efetoborobominuru
22:22:26[main] INFO  eventmanager - REGULAR
22:22:26[main] INFO  eventmanager - {
    "reference": "a1e59ecc8d4b4be492c9bf536da668be",
    "createdAt": "2025-08-05T21:22:26.762+00:00",
    "fee": 99.99,
    "status": "SUCCESSFUL",
    "admissionNumber": null,
    "type": "REGULAR",
    "eventName": "Tech Conference 2025",
    "eventVenue": "Convention Center, London"
}
22:22:26[main] INFO  eventmanager - Test Case: testWithDifferentBooKingTypes is passed.

22:22:26[main] INFO  eventmanager - TestName: testWithDifferentBooKingTypes
22:22:26[main] INFO  eventmanager - Author Name: efetoborobominuru
22:22:26[main] INFO  eventmanager - VIP
22:22:26[main] INFO  eventmanager - {
    "reference": "eb519a54bacb4fdfa84ae5ebb13b1e22",
    "createdAt": "2025-08-05T21:22:26.796+00:00",
    "fee": 99.99,
    "status": "SUCCESSFUL",
    "admissionNumber": null,
    "type": "VIP",
    "eventName": "Tech Conference 2025",
    "eventVenue": "Convention Center, London"
}
22:22:26[main] INFO  eventmanager - Test Case: testWithDifferentBooKingTypes is passed.

22:22:26[main] INFO  eventmanager - TestName: testAvailableCapacityReducesAfterBooking
22:22:26[main] INFO  eventmanager - Author Name: efetoborobominuru
22:22:26[main] INFO  eventmanager - Event Reference: c291098f997543e6b5ae3f4d8950b616
22:22:26[main] INFO  eventmanager - Available Before: 427 | Available After: 426
22:22:26[main] INFO  eventmanager - Test Case: testAvailableCapacityReducesAfterBooking is passed.

22:22:26[main] INFO  eventmanager - All data is being logged in log file

22:39:30[main] INFO  eventmanager - TestName: testGetRequest
22:39:30[main] INFO  eventmanager - Author Name: efetoborobominuru
22:39:31[main] INFO  eventmanager - {
    "status": "SUCCESS",
    "data": [
        {
            "theme": "Tech Conference 2025",
            "reference": "c291098f997543e6b5ae3f4d8950b616",
            "createdAt": null,
            "amount": 99.99,
            "status": "OPEN",
            "venue": "Convention Center, London",
            "totalCapacity": 500,
            "availableCapacity": 426,
            "startTime": "2025-08-10T09:00:00.000+00:00",
            "endTime": "2026-08-10T17:00:00.000+00:00"
        },
        {
            "theme": "Music Festival",
            "reference": "550e8400-e29b-41d4-a716-446655440000",
            "createdAt": null,
            "amount": 55.00,
            "status": "FULLY_BOOKED",
            "venue": "Open Air Stage",
            "totalCapacity": 500,
            "availableCapacity": 0,
            "startTime": "2025-08-01T14:00:00.000+00:00",
            "endTime": "2025-08-01T22:00:00.000+00:00"
        },
        {
            "theme": "AI Summit",
            "reference": "c0a8015a-000f-11ee-be56-0242ac120002",
            "createdAt": null,
            "amount": 75.00,
            "status": "FULLY_BOOKED",
            "venue": "Tech Pavilion",
            "totalCapacity": 200,
            "availableCapacity": 0,
            "startTime": "2025-07-01T09:00:00.000+00:00",
            "endTime": "2025-07-01T17:00:00.000+00:00"
        },
        {
            "theme": "Tech Conference",
            "reference": "3fa85f64-5717-4562-b3fc-2c963f66afa6",
            "createdAt": null,
            "amount": 30.00,
            "status": "OPEN",
            "venue": "Convention Center A",
            "totalCapacity": 100,
            "availableCapacity": 31,
            "startTime": "2025-06-10T08:00:00.000+00:00",
            "endTime": "2025-06-10T16:00:00.000+00:00"
        },
        {
            "theme": "Art Showcase",
            "reference": "123e4567-e89b-12d3-a456-426614174000",
            "createdAt": null,
            "amount": 20.00,
            "status": "OPEN",
            "venue": "Gallery District",
            "totalCapacity": 80,
            "availableCapacity": 35,
            "startTime": "2025-07-15T10:00:00.000+00:00",
            "endTime": "2025-07-15T16:00:00.000+00:00"
        }
    ],
    "hasMore": false,
    "currentPage": 0,
    "totalPages": 1,
    "totalItems": 5
}
22:39:31[main] INFO  eventmanager - Test Case: testGetRequest is passed.

22:39:31[main] INFO  eventmanager - TestName: createNewBookingTest
22:39:31[main] INFO  eventmanager - Author Name: efetoborobominuru
22:39:31[main] INFO  eventmanager - {
    "reference": "fa8add77cbb74f5e944717207c52dda6",
    "createdAt": "2025-08-05T21:39:31.692+00:00",
    "fee": 99.99,
    "status": "SUCCESSFUL",
    "admissionNumber": null,
    "type": "REGULAR",
    "eventName": "Tech Conference 2025",
    "eventVenue": "Convention Center, London"
}
22:39:31[main] INFO  eventmanager - Test Case: createNewBookingTest is passed.

22:39:31[main] INFO  eventmanager - TestName: cancelBookingTest
22:39:31[main] INFO  eventmanager - Author Name: efetoborobominuru
22:39:31[main] INFO  eventmanager - 
22:39:31[main] INFO  eventmanager - Test Case: cancelBookingTest is passed.

22:39:31[main] INFO  eventmanager - TestName: parameterizationTest
22:39:31[main] INFO  eventmanager - Author Name: efetoborobominuru
22:39:31[main] INFO  eventmanager - {
    "reference": "a778aad7ccc14d19a76b27a52727db78",
    "createdAt": "2025-08-05T21:39:31.748+00:00",
    "fee": 99.99,
    "status": "SUCCESSFUL",
    "admissionNumber": null,
    "type": "REGULAR",
    "eventName": "Tech Conference 2025",
    "eventVenue": "Convention Center, London"
}
22:39:31[main] INFO  eventmanager - Test Case: parameterizationTest is passed.

22:39:31[main] INFO  eventmanager - TestName: testWithDifferentBooKingTypes
22:39:31[main] INFO  eventmanager - Author Name: efetoborobominuru
22:39:31[main] INFO  eventmanager - REGULAR
22:39:31[main] INFO  eventmanager - {
    "reference": "b482ae6f72854d8a8915f7863ab0329c",
    "createdAt": "2025-08-05T21:39:31.783+00:00",
    "fee": 99.99,
    "status": "SUCCESSFUL",
    "admissionNumber": null,
    "type": "REGULAR",
    "eventName": "Tech Conference 2025",
    "eventVenue": "Convention Center, London"
}
22:39:31[main] INFO  eventmanager - Test Case: testWithDifferentBooKingTypes is passed.

22:39:31[main] INFO  eventmanager - TestName: testWithDifferentBooKingTypes
22:39:31[main] INFO  eventmanager - Author Name: efetoborobominuru
22:39:31[main] INFO  eventmanager - VIP
22:39:31[main] INFO  eventmanager - {
    "reference": "bcf1c7ba5cd24c6e9c57908c1d5c9a0d",
    "createdAt": "2025-08-05T21:39:31.824+00:00",
    "fee": 99.99,
    "status": "SUCCESSFUL",
    "admissionNumber": null,
    "type": "VIP",
    "eventName": "Tech Conference 2025",
    "eventVenue": "Convention Center, London"
}
22:39:31[main] INFO  eventmanager - Test Case: testWithDifferentBooKingTypes is passed.

22:39:31[main] INFO  eventmanager - TestName: testAvailableCapacityReducesAfterBooking
22:39:31[main] INFO  eventmanager - Author Name: efetoborobominuru
22:39:31[main] INFO  eventmanager - Event Reference: c291098f997543e6b5ae3f4d8950b616
22:39:31[main] INFO  eventmanager - Available Before: 422 | Available After: 421
22:39:31[main] INFO  eventmanager - Test Case: testAvailableCapacityReducesAfterBooking is passed.

22:39:31[main] INFO  eventmanager - All data is being logged in log file

22:41:53[main] INFO  eventmanager - TestName: testGetRequest
22:41:53[main] INFO  eventmanager - Author Name: efetoborobominuru
22:41:54[main] INFO  eventmanager - {
    "status": "SUCCESS",
    "data": [
        {
            "theme": "Tech Conference 2025",
            "reference": "c291098f997543e6b5ae3f4d8950b616",
            "createdAt": null,
            "amount": 99.99,
            "status": "OPEN",
            "venue": "Convention Center, London",
            "totalCapacity": 500,
            "availableCapacity": 421,
            "startTime": "2025-08-10T09:00:00.000+00:00",
            "endTime": "2026-08-10T17:00:00.000+00:00"
        },
        {
            "theme": "Art Showcase",
            "reference": "123e4567-e89b-12d3-a456-426614174000",
            "createdAt": null,
            "amount": 20.00,
            "status": "OPEN",
            "venue": "Gallery District",
            "totalCapacity": 80,
            "availableCapacity": 35,
            "startTime": "2025-07-15T10:00:00.000+00:00",
            "endTime": "2025-07-15T16:00:00.000+00:00"
        },
        {
            "theme": "Music Festival",
            "reference": "550e8400-e29b-41d4-a716-446655440000",
            "createdAt": null,
            "amount": 55.00,
            "status": "FULLY_BOOKED",
            "venue": "Open Air Stage",
            "totalCapacity": 500,
            "availableCapacity": 0,
            "startTime": "2025-08-01T14:00:00.000+00:00",
            "endTime": "2025-08-01T22:00:00.000+00:00"
        },
        {
            "theme": "Tech Conference",
            "reference": "3fa85f64-5717-4562-b3fc-2c963f66afa6",
            "createdAt": null,
            "amount": 30.00,
            "status": "OPEN",
            "venue": "Convention Center A",
            "totalCapacity": 100,
            "availableCapacity": 31,
            "startTime": "2025-06-10T08:00:00.000+00:00",
            "endTime": "2025-06-10T16:00:00.000+00:00"
        },
        {
            "theme": "AI Summit",
            "reference": "c0a8015a-000f-11ee-be56-0242ac120002",
            "createdAt": null,
            "amount": 75.00,
            "status": "FULLY_BOOKED",
            "venue": "Tech Pavilion",
            "totalCapacity": 200,
            "availableCapacity": 0,
            "startTime": "2025-07-01T09:00:00.000+00:00",
            "endTime": "2025-07-01T17:00:00.000+00:00"
        }
    ],
    "hasMore": false,
    "currentPage": 0,
    "totalPages": 1,
    "totalItems": 5
}
22:41:54[main] INFO  eventmanager - Test Case: testGetRequest is passed.

22:41:54[main] INFO  eventmanager - TestName: createNewBookingTest
22:41:54[main] INFO  eventmanager - Author Name: efetoborobominuru
22:41:54[main] INFO  eventmanager - {
    "reference": "31898e3fe8014ffb86b26f02bf0e3ea4",
    "createdAt": "2025-08-05T21:41:54.559+00:00",
    "fee": 99.99,
    "status": "SUCCESSFUL",
    "admissionNumber": null,
    "type": "REGULAR",
    "eventName": "Tech Conference 2025",
    "eventVenue": "Convention Center, London"
}
22:41:54[main] INFO  eventmanager - Test Case: createNewBookingTest is passed.

22:41:54[main] INFO  eventmanager - TestName: cancelBookingTest
22:41:54[main] INFO  eventmanager - Author Name: efetoborobominuru
22:41:54[main] INFO  eventmanager - 
22:41:54[main] INFO  eventmanager - Test Case: cancelBookingTest is passed.

22:41:54[main] INFO  eventmanager - TestName: parameterizationTest
22:41:54[main] INFO  eventmanager - Author Name: efetoborobominuru
22:41:54[main] INFO  eventmanager - {
    "reference": "a0ab95b0524548988ead3f80bcc3150f",
    "createdAt": "2025-08-05T21:41:54.615+00:00",
    "fee": 99.99,
    "status": "SUCCESSFUL",
    "admissionNumber": null,
    "type": "REGULAR",
    "eventName": "Tech Conference 2025",
    "eventVenue": "Convention Center, London"
}
22:41:54[main] INFO  eventmanager - Test Case: parameterizationTest is passed.

22:41:54[main] INFO  eventmanager - TestName: testWithDifferentBooKingTypes
22:41:54[main] INFO  eventmanager - Author Name: efetoborobominuru
22:41:54[main] INFO  eventmanager - REGULAR
22:41:54[main] INFO  eventmanager - {
    "reference": "6225b492f2aa4ffa97c49fff41b3958b",
    "createdAt": "2025-08-05T21:41:54.659+00:00",
    "fee": 99.99,
    "status": "SUCCESSFUL",
    "admissionNumber": null,
    "type": "REGULAR",
    "eventName": "Tech Conference 2025",
    "eventVenue": "Convention Center, London"
}
22:41:54[main] INFO  eventmanager - Test Case: testWithDifferentBooKingTypes is passed.

22:41:54[main] INFO  eventmanager - TestName: testWithDifferentBooKingTypes
22:41:54[main] INFO  eventmanager - Author Name: efetoborobominuru
22:41:54[main] INFO  eventmanager - VIP
22:41:54[main] INFO  eventmanager - {
    "reference": "5fc54fd8745940fd8e57bf66979278a3",
    "createdAt": "2025-08-05T21:41:54.693+00:00",
    "fee": 99.99,
    "status": "SUCCESSFUL",
    "admissionNumber": null,
    "type": "VIP",
    "eventName": "Tech Conference 2025",
    "eventVenue": "Convention Center, London"
}
22:41:54[main] INFO  eventmanager - Test Case: testWithDifferentBooKingTypes is passed.

22:41:54[main] INFO  eventmanager - TestName: testAvailableCapacityReducesAfterBooking
22:41:54[main] INFO  eventmanager - Author Name: efetoborobominuru
22:41:54[main] INFO  eventmanager - Event Reference: c291098f997543e6b5ae3f4d8950b616
22:41:54[main] INFO  eventmanager - Available Before: 417 | Available After: 416
22:41:54[main] INFO  eventmanager - Test Case: testAvailableCapacityReducesAfterBooking is passed.

22:41:54[main] INFO  eventmanager - All data is being logged in log file

